<?xml version="1.0" encoding="UTF-8"?>
<testsuite xmlns:xsi="http://www.w3.org/2001/XMLSchema-instance" xsi:noNamespaceSchemaLocation="https://maven.apache.org/surefire/maven-surefire-plugin/xsd/surefire-test-report-3.0.xsd" version="3.0" name="com.bookingsystem.util.ValidationUtilTest" time="0.1" tests="14" errors="0" skipped="0" failures="0">
  <properties>
[...]
</properties>
  <testcase name="getValidatedFullName_InvalidName_PromptsAgain" classname="com.bookingsystem.util.ValidationUtilTest" time="0.011">
    <system-out><![CDATA[Enter your full name:
Invalid full name. Please enter your full name (e.g., Piyush Kumar) with at least two words and no special characters.
Enter your full name:
]]></system-out>
  </testcase>
  <testcase name="getValidatedFlightNumber_ValidInput_ReturnsFlightNumber" classname="com.bookingsystem.util.ValidationUtilTest" time="0.004">
    <system-out><![CDATA[Enter the flight number to book:
]]></system-out>
  </testcase>
  <testcase name="getValidatedCityInput_InvalidCity_PromptsAgain" classname="com.bookingsystem.util.ValidationUtilTest" time="0.004">
    <system-out><![CDATA[Enter origin city:
City not found in our database. Please enter a valid city.
Enter origin city:
]]></system-out>
  </testcase>
  <testcase name="getValidatedEmailInput_ValidEmail_ReturnsEmail" classname="com.bookingsystem.util.ValidationUtilTest" time="0.003">
    <system-out><![CDATA[Enter your email:
]]></system-out>
  </testcase>
  <testcase name="getValidatedEmailInput_InvalidEmail_PromptsAgain" classname="com.bookingsystem.util.ValidationUtilTest" time="0.005">
    <system-out><![CDATA[Enter your email:
Invalid email address. Please enter a valid email (e.g., example@domain.com).
Enter your email:
]]></system-out>
  </testcase>
  <testcase name="getValidatedDateInput_ValidDate_ReturnsParsedDate" classname="com.bookingsystem.util.ValidationUtilTest" time="0.012">
    <system-out><![CDATA[Enter travel date (dd-MM-yyyy):
]]></system-out>
  </testcase>
  <testcase name="getValidatedDateInput_InvalidDate_PromptsAgain" classname="com.bookingsystem.util.ValidationUtilTest" time="0.003">
    <system-out><![CDATA[Enter travel date (dd-MM-yyyy):
Invalid date format. Please use dd-MM-yyyy.
Enter travel date (dd-MM-yyyy):
]]></system-out>
  </testcase>
  <testcase name="getValidatedAgeInput_InvalidAge_PromptsAgain" classname="com.bookingsystem.util.ValidationUtilTest" time="0.002">
    <system-out><![CDATA[Enter your age:
Age must be a valid number.
Enter your age:
]]></system-out>
  </testcase>
  <testcase name="getValidatedCityInput_ValidCity_ReturnsCity" classname="com.bookingsystem.util.ValidationUtilTest" time="0.006">
    <system-out><![CDATA[Enter origin city:
]]></system-out>
  </testcase>
  <testcase name="getValidatedSeatsInput_ValidSeats_ReturnsSeats" classname="com.bookingsystem.util.ValidationUtilTest" time="0.003">
    <system-out><![CDATA[Enter the number of seats you want to book:
]]></system-out>
  </testcase>
  <testcase name="getValidatedAgeInput_ValidAge_ReturnsAge" classname="com.bookingsystem.util.ValidationUtilTest" time="0.003">
    <system-out><![CDATA[Enter your age:
]]></system-out>
  </testcase>
  <testcase name="getValidatedFullName_ValidName_ReturnsName" classname="com.bookingsystem.util.ValidationUtilTest" time="0.003">
    <system-out><![CDATA[Enter your full name:
]]></system-out>
  </testcase>
  <testcase name="getValidatedFlightNumber_InvalidInput_PromptsAgain" classname="com.bookingsystem.util.ValidationUtilTest" time="0.002">
    <system-out><![CDATA[Enter the flight number to book:
Invalid input. Please enter a number corresponding to the flight you want to book.
Enter the flight number to book:
]]></system-out>
  </testcase>
  <testcase name="getValidatedSeatsInput_InvalidSeats_PromptsAgain" classname="com.bookingsystem.util.ValidationUtilTest" time="0.005">
    <system-out><![CDATA[Enter the number of seats you want to book:
Please enter a valid number.
Enter the number of seats you want to book:
Only 5 are available right now.
Enter the number of seats you want to book:
]]></system-out>
  </testcase>
</testsuite>